{"C:\\Users\\HP\\Desktop\\react-native-projects\\NativeGrabit\\App.js": {"path":"C:\\Users\\HP\\Desktop\\react-native-projects\\NativeGrabit\\App.js","statementMap":{"0":{"start":{"line":8,"column":12},"end":{"line":17,"column":1}},"1":{"start":{"line":9,"column":2},"end":{"line":16,"column":4}},"2":{"start":{"line":19,"column":15},"end":{"line":23,"column":2}}},"fnMap":{"0":{"name":"(anonymous_0)","decl":{"start":{"line":8,"column":12},"end":{"line":8,"column":13}},"loc":{"start":{"line":8,"column":18},"end":{"line":17,"column":1}},"line":8}},"branchMap":{},"s":{"0":1,"1":2,"2":1},"f":{"0":2},"b":{},"_coverageSchema":"1a1c01bbd47fc00a2c39e90264f33305004495a9","hash":"4fd82f2efed64409dfbd5d97cbad4a57e3cd5abf"}
,"C:\\Users\\HP\\Desktop\\react-native-projects\\NativeGrabit\\src\\assets\\images\\Logo.png": {"path":"C:\\Users\\HP\\Desktop\\react-native-projects\\NativeGrabit\\src\\assets\\images\\Logo.png","statementMap":{"0":{"start":{"line":1,"column":0},"end":{"line":4,"column":6}}},"fnMap":{},"branchMap":{},"s":{"0":1},"f":{},"b":{},"inputSourceMap":null,"_coverageSchema":"1a1c01bbd47fc00a2c39e90264f33305004495a9","hash":"feca2a6b8ef80a64588f863fca27e4ea69f835de"}
,"C:\\Users\\HP\\Desktop\\react-native-projects\\NativeGrabit\\src\\assets\\images\\background.png": {"path":"C:\\Users\\HP\\Desktop\\react-native-projects\\NativeGrabit\\src\\assets\\images\\background.png","statementMap":{"0":{"start":{"line":1,"column":0},"end":{"line":4,"column":6}}},"fnMap":{},"branchMap":{},"s":{"0":1},"f":{},"b":{},"inputSourceMap":null,"_coverageSchema":"1a1c01bbd47fc00a2c39e90264f33305004495a9","hash":"a9bfae1056d5fb34c3ab4f573fe3876a16311581"}
,"C:\\Users\\HP\\Desktop\\react-native-projects\\NativeGrabit\\src\\assets\\images\\circle.png": {"path":"C:\\Users\\HP\\Desktop\\react-native-projects\\NativeGrabit\\src\\assets\\images\\circle.png","statementMap":{"0":{"start":{"line":1,"column":0},"end":{"line":4,"column":6}}},"fnMap":{},"branchMap":{},"s":{"0":1},"f":{},"b":{},"inputSourceMap":null,"_coverageSchema":"1a1c01bbd47fc00a2c39e90264f33305004495a9","hash":"92bc025688b51a034c0529956b5db4d5053c4a4c"}
,"C:\\Users\\HP\\Desktop\\react-native-projects\\NativeGrabit\\src\\assets\\images\\delivery.png": {"path":"C:\\Users\\HP\\Desktop\\react-native-projects\\NativeGrabit\\src\\assets\\images\\delivery.png","statementMap":{"0":{"start":{"line":1,"column":0},"end":{"line":4,"column":6}}},"fnMap":{},"branchMap":{},"s":{"0":1},"f":{},"b":{},"inputSourceMap":null,"_coverageSchema":"1a1c01bbd47fc00a2c39e90264f33305004495a9","hash":"1bf81f65441aaabe18466f7dddd8cc245983c6a6"}
,"C:\\Users\\HP\\Desktop\\react-native-projects\\NativeGrabit\\src\\assets\\images\\whiteLogo.png": {"path":"C:\\Users\\HP\\Desktop\\react-native-projects\\NativeGrabit\\src\\assets\\images\\whiteLogo.png","statementMap":{"0":{"start":{"line":1,"column":0},"end":{"line":4,"column":6}}},"fnMap":{},"branchMap":{},"s":{"0":1},"f":{},"b":{},"inputSourceMap":null,"_coverageSchema":"1a1c01bbd47fc00a2c39e90264f33305004495a9","hash":"e8c229e743e8d2772af9605aea5b02e79841baee"}
,"C:\\Users\\HP\\Desktop\\react-native-projects\\NativeGrabit\\src\\components\\atoms\\facebook\\FacebookButton.js": {"path":"C:\\Users\\HP\\Desktop\\react-native-projects\\NativeGrabit\\src\\components\\atoms\\facebook\\FacebookButton.js","statementMap":{"0":{"start":{"line":4,"column":23},"end":{"line":22,"column":1}},"1":{"start":{"line":5,"column":2},"end":{"line":21,"column":4}},"2":{"start":{"line":9,"column":8},"end":{"line":17,"column":9}},"3":{"start":{"line":10,"column":10},"end":{"line":10,"column":27}},"4":{"start":{"line":11,"column":15},"end":{"line":17,"column":9}},"5":{"start":{"line":12,"column":10},"end":{"line":12,"column":40}},"6":{"start":{"line":14,"column":10},"end":{"line":16,"column":13}},"7":{"start":{"line":15,"column":12},"end":{"line":15,"column":53}}},"fnMap":{"0":{"name":"(anonymous_0)","decl":{"start":{"line":4,"column":23},"end":{"line":4,"column":24}},"loc":{"start":{"line":4,"column":34},"end":{"line":22,"column":1}},"line":4},"1":{"name":"(anonymous_1)","decl":{"start":{"line":8,"column":23},"end":{"line":8,"column":24}},"loc":{"start":{"line":8,"column":37},"end":{"line":18,"column":7}},"line":8},"2":{"name":"(anonymous_2)","decl":{"start":{"line":14,"column":51},"end":{"line":14,"column":52}},"loc":{"start":{"line":14,"column":61},"end":{"line":16,"column":11}},"line":14}},"branchMap":{"0":{"loc":{"start":{"line":9,"column":8},"end":{"line":17,"column":9}},"type":"if","locations":[{"start":{"line":9,"column":8},"end":{"line":17,"column":9}},{"start":{"line":9,"column":8},"end":{"line":17,"column":9}}],"line":9},"1":{"loc":{"start":{"line":11,"column":15},"end":{"line":17,"column":9}},"type":"if","locations":[{"start":{"line":11,"column":15},"end":{"line":17,"column":9}},{"start":{"line":11,"column":15},"end":{"line":17,"column":9}}],"line":11}},"s":{"0":1,"1":2,"2":0,"3":0,"4":0,"5":0,"6":0,"7":0},"f":{"0":2,"1":0,"2":0},"b":{"0":[0,0],"1":[0,0]},"_coverageSchema":"1a1c01bbd47fc00a2c39e90264f33305004495a9","hash":"7a1b0aadba25f9c787179b41b1c355e1bd3b1a97"}
,"C:\\Users\\HP\\Desktop\\react-native-projects\\NativeGrabit\\src\\components\\atoms\\figure\\Figure.js": {"path":"C:\\Users\\HP\\Desktop\\react-native-projects\\NativeGrabit\\src\\components\\atoms\\figure\\Figure.js","statementMap":{"0":{"start":{"line":4,"column":15},"end":{"line":10,"column":1}},"1":{"start":{"line":5,"column":2},"end":{"line":9,"column":4}}},"fnMap":{"0":{"name":"(anonymous_0)","decl":{"start":{"line":4,"column":15},"end":{"line":4,"column":16}},"loc":{"start":{"line":4,"column":26},"end":{"line":10,"column":1}},"line":4}},"branchMap":{},"s":{"0":1,"1":19},"f":{"0":19},"b":{},"_coverageSchema":"1a1c01bbd47fc00a2c39e90264f33305004495a9","hash":"39f62df1655a8335626a033c31b2aa4c566c4236"}
,"C:\\Users\\HP\\Desktop\\react-native-projects\\NativeGrabit\\src\\components\\atoms\\headline\\Headline.js": {"path":"C:\\Users\\HP\\Desktop\\react-native-projects\\NativeGrabit\\src\\components\\atoms\\headline\\Headline.js","statementMap":{"0":{"start":{"line":5,"column":17},"end":{"line":11,"column":1}},"1":{"start":{"line":6,"column":2},"end":{"line":10,"column":4}}},"fnMap":{"0":{"name":"(anonymous_0)","decl":{"start":{"line":5,"column":17},"end":{"line":5,"column":18}},"loc":{"start":{"line":5,"column":23},"end":{"line":11,"column":1}},"line":5}},"branchMap":{},"s":{"0":1,"1":5},"f":{"0":5},"b":{},"_coverageSchema":"1a1c01bbd47fc00a2c39e90264f33305004495a9","hash":"30a6ec06b56f62fe98a11fa4552388f7e79e85e1"}
,"C:\\Users\\HP\\Desktop\\react-native-projects\\NativeGrabit\\src\\components\\atoms\\headline\\headlineStyle.js": {"path":"C:\\Users\\HP\\Desktop\\react-native-projects\\NativeGrabit\\src\\components\\atoms\\headline\\headlineStyle.js","statementMap":{"0":{"start":{"line":4,"column":15},"end":{"line":22,"column":2}}},"fnMap":{},"branchMap":{},"s":{"0":1},"f":{},"b":{},"_coverageSchema":"1a1c01bbd47fc00a2c39e90264f33305004495a9","hash":"9c2b0067a30f3a5a4192ced6859bb9675a7e9994"}
,"C:\\Users\\HP\\Desktop\\react-native-projects\\NativeGrabit\\src\\components\\atoms\\iconImage\\IconImage.js": {"path":"C:\\Users\\HP\\Desktop\\react-native-projects\\NativeGrabit\\src\\components\\atoms\\iconImage\\IconImage.js","statementMap":{"0":{"start":{"line":4,"column":18},"end":{"line":6,"column":1}},"1":{"start":{"line":5,"column":2},"end":{"line":5,"column":46}}},"fnMap":{"0":{"name":"(anonymous_0)","decl":{"start":{"line":4,"column":18},"end":{"line":4,"column":19}},"loc":{"start":{"line":4,"column":29},"end":{"line":6,"column":1}},"line":4}},"branchMap":{},"s":{"0":1,"1":6},"f":{"0":6},"b":{},"_coverageSchema":"1a1c01bbd47fc00a2c39e90264f33305004495a9","hash":"63006bddf4b0c1302f64718bb94b76542218b93e"}
,"C:\\Users\\HP\\Desktop\\react-native-projects\\NativeGrabit\\src\\components\\atoms\\infoHeader\\InfoHeader.js": {"path":"C:\\Users\\HP\\Desktop\\react-native-projects\\NativeGrabit\\src\\components\\atoms\\infoHeader\\InfoHeader.js","statementMap":{"0":{"start":{"line":5,"column":19},"end":{"line":12,"column":1}},"1":{"start":{"line":6,"column":2},"end":{"line":11,"column":4}}},"fnMap":{"0":{"name":"(anonymous_0)","decl":{"start":{"line":5,"column":19},"end":{"line":5,"column":20}},"loc":{"start":{"line":5,"column":30},"end":{"line":12,"column":1}},"line":5}},"branchMap":{},"s":{"0":1,"1":7},"f":{"0":7},"b":{},"_coverageSchema":"1a1c01bbd47fc00a2c39e90264f33305004495a9","hash":"f6e7429f783e552ce473a373c6d66fc5b2d7eead"}
,"C:\\Users\\HP\\Desktop\\react-native-projects\\NativeGrabit\\src\\components\\atoms\\infoHeader\\InfoHeaderStyle.js": {"path":"C:\\Users\\HP\\Desktop\\react-native-projects\\NativeGrabit\\src\\components\\atoms\\infoHeader\\InfoHeaderStyle.js","statementMap":{"0":{"start":{"line":4,"column":15},"end":{"line":15,"column":2}}},"fnMap":{},"branchMap":{},"s":{"0":1},"f":{},"b":{},"_coverageSchema":"1a1c01bbd47fc00a2c39e90264f33305004495a9","hash":"ee0f0ec40ff840e2369aed728d747526af81241a"}
,"C:\\Users\\HP\\Desktop\\react-native-projects\\NativeGrabit\\src\\components\\atoms\\infoText\\InfoText.js": {"path":"C:\\Users\\HP\\Desktop\\react-native-projects\\NativeGrabit\\src\\components\\atoms\\infoText\\InfoText.js","statementMap":{"0":{"start":{"line":5,"column":17},"end":{"line":7,"column":1}},"1":{"start":{"line":6,"column":2},"end":{"line":6,"column":55}}},"fnMap":{"0":{"name":"(anonymous_0)","decl":{"start":{"line":5,"column":17},"end":{"line":5,"column":18}},"loc":{"start":{"line":5,"column":28},"end":{"line":7,"column":1}},"line":5}},"branchMap":{},"s":{"0":1,"1":7},"f":{"0":7},"b":{},"_coverageSchema":"1a1c01bbd47fc00a2c39e90264f33305004495a9","hash":"e0056bdf8fe7aa36d75a31108a95be267e30a854"}
,"C:\\Users\\HP\\Desktop\\react-native-projects\\NativeGrabit\\src\\components\\atoms\\infoText\\InfoTextStyle.js": {"path":"C:\\Users\\HP\\Desktop\\react-native-projects\\NativeGrabit\\src\\components\\atoms\\infoText\\InfoTextStyle.js","statementMap":{"0":{"start":{"line":4,"column":15},"end":{"line":12,"column":2}}},"fnMap":{},"branchMap":{},"s":{"0":1},"f":{},"b":{},"_coverageSchema":"1a1c01bbd47fc00a2c39e90264f33305004495a9","hash":"e684b9f7aa1ffba4f25703c87be8e72f12c22b7c"}
,"C:\\Users\\HP\\Desktop\\react-native-projects\\NativeGrabit\\src\\components\\atoms\\signButton\\SignButton.js": {"path":"C:\\Users\\HP\\Desktop\\react-native-projects\\NativeGrabit\\src\\components\\atoms\\signButton\\SignButton.js","statementMap":{"0":{"start":{"line":4,"column":19},"end":{"line":14,"column":1}},"1":{"start":{"line":5,"column":2},"end":{"line":13,"column":4}},"2":{"start":{"line":9,"column":8},"end":{"line":9,"column":35}}},"fnMap":{"0":{"name":"(anonymous_0)","decl":{"start":{"line":4,"column":19},"end":{"line":4,"column":20}},"loc":{"start":{"line":4,"column":30},"end":{"line":14,"column":1}},"line":4},"1":{"name":"(anonymous_1)","decl":{"start":{"line":8,"column":15},"end":{"line":8,"column":16}},"loc":{"start":{"line":8,"column":21},"end":{"line":10,"column":7}},"line":8}},"branchMap":{},"s":{"0":1,"1":11,"2":1},"f":{"0":11,"1":1},"b":{},"_coverageSchema":"1a1c01bbd47fc00a2c39e90264f33305004495a9","hash":"92e929dd0a039ee2be6fe7659e3237c74a2c2e6d"}
,"C:\\Users\\HP\\Desktop\\react-native-projects\\NativeGrabit\\src\\components\\molecules\\home_backscene\\BackScene.js": {"path":"C:\\Users\\HP\\Desktop\\react-native-projects\\NativeGrabit\\src\\components\\molecules\\home_backscene\\BackScene.js","statementMap":{"0":{"start":{"line":10,"column":18},"end":{"line":38,"column":1}},"1":{"start":{"line":11,"column":32},"end":{"line":33,"column":4}},"2":{"start":{"line":35,"column":2},"end":{"line":37,"column":5}},"3":{"start":{"line":36,"column":4},"end":{"line":36,"column":74}}},"fnMap":{"0":{"name":"(anonymous_0)","decl":{"start":{"line":10,"column":18},"end":{"line":10,"column":19}},"loc":{"start":{"line":10,"column":24},"end":{"line":38,"column":1}},"line":10},"1":{"name":"(anonymous_1)","decl":{"start":{"line":35,"column":21},"end":{"line":35,"column":22}},"loc":{"start":{"line":35,"column":36},"end":{"line":37,"column":3}},"line":35}},"branchMap":{},"s":{"0":1,"1":5,"2":5,"3":15},"f":{"0":5,"1":15},"b":{},"_coverageSchema":"1a1c01bbd47fc00a2c39e90264f33305004495a9","hash":"63ed42be6ffb3f523ec5b4615339f35cbf3ce97c"}
,"C:\\Users\\HP\\Desktop\\react-native-projects\\NativeGrabit\\src\\components\\molecules\\home_backscene\\backgroundStyle.js": {"path":"C:\\Users\\HP\\Desktop\\react-native-projects\\NativeGrabit\\src\\components\\molecules\\home_backscene\\backgroundStyle.js","statementMap":{"0":{"start":{"line":3,"column":15},"end":{"line":14,"column":2}}},"fnMap":{},"branchMap":{},"s":{"0":1},"f":{},"b":{},"_coverageSchema":"1a1c01bbd47fc00a2c39e90264f33305004495a9","hash":"4583efc4004356f0d86c3efb5b409de02dafcdbe"}
,"C:\\Users\\HP\\Desktop\\react-native-projects\\NativeGrabit\\src\\components\\molecules\\home_backscene\\deliveryStyle.js": {"path":"C:\\Users\\HP\\Desktop\\react-native-projects\\NativeGrabit\\src\\components\\molecules\\home_backscene\\deliveryStyle.js","statementMap":{"0":{"start":{"line":2,"column":15},"end":{"line":15,"column":2}}},"fnMap":{},"branchMap":{},"s":{"0":1},"f":{},"b":{},"_coverageSchema":"1a1c01bbd47fc00a2c39e90264f33305004495a9","hash":"2ba10d294109633e173ddd5ad5d44610806b4997"}
,"C:\\Users\\HP\\Desktop\\react-native-projects\\NativeGrabit\\src\\components\\molecules\\home_backscene\\logoStyle.js": {"path":"C:\\Users\\HP\\Desktop\\react-native-projects\\NativeGrabit\\src\\components\\molecules\\home_backscene\\logoStyle.js","statementMap":{"0":{"start":{"line":3,"column":15},"end":{"line":14,"column":2}}},"fnMap":{},"branchMap":{},"s":{"0":1},"f":{},"b":{},"_coverageSchema":"1a1c01bbd47fc00a2c39e90264f33305004495a9","hash":"04488ceabd477dfe6213e8ab54d5e062d4f68986"}
,"C:\\Users\\HP\\Desktop\\react-native-projects\\NativeGrabit\\src\\components\\molecules\\home_signButtons\\signButtons.js": {"path":"C:\\Users\\HP\\Desktop\\react-native-projects\\NativeGrabit\\src\\components\\molecules\\home_signButtons\\signButtons.js","statementMap":{"0":{"start":{"line":6,"column":20},"end":{"line":30,"column":1}},"1":{"start":{"line":7,"column":32},"end":{"line":14,"column":4}},"2":{"start":{"line":16,"column":2},"end":{"line":29,"column":4}},"3":{"start":{"line":19,"column":8},"end":{"line":26,"column":10}}},"fnMap":{"0":{"name":"(anonymous_0)","decl":{"start":{"line":6,"column":20},"end":{"line":6,"column":21}},"loc":{"start":{"line":6,"column":31},"end":{"line":30,"column":1}},"line":6},"1":{"name":"(anonymous_1)","decl":{"start":{"line":18,"column":19},"end":{"line":18,"column":20}},"loc":{"start":{"line":18,"column":34},"end":{"line":27,"column":7}},"line":18}},"branchMap":{},"s":{"0":1,"1":5,"2":5,"3":10},"f":{"0":5,"1":10},"b":{},"_coverageSchema":"1a1c01bbd47fc00a2c39e90264f33305004495a9","hash":"5e6188fc638c35c21f524cc4332026115c7ac3fa"}
,"C:\\Users\\HP\\Desktop\\react-native-projects\\NativeGrabit\\src\\components\\molecules\\home_signButtons\\signButtonsStyle.js": {"path":"C:\\Users\\HP\\Desktop\\react-native-projects\\NativeGrabit\\src\\components\\molecules\\home_signButtons\\signButtonsStyle.js","statementMap":{"0":{"start":{"line":5,"column":15},"end":{"line":31,"column":2}}},"fnMap":{},"branchMap":{},"s":{"0":1},"f":{},"b":{},"_coverageSchema":"1a1c01bbd47fc00a2c39e90264f33305004495a9","hash":"bf88489bc8486cdaf34a629f73ff2869694c587d"}
,"C:\\Users\\HP\\Desktop\\react-native-projects\\NativeGrabit\\src\\components\\molecules\\infoBox\\InfoBox.js": {"path":"C:\\Users\\HP\\Desktop\\react-native-projects\\NativeGrabit\\src\\components\\molecules\\infoBox\\InfoBox.js","statementMap":{"0":{"start":{"line":8,"column":16},"end":{"line":16,"column":1}},"1":{"start":{"line":9,"column":2},"end":{"line":15,"column":4}}},"fnMap":{"0":{"name":"(anonymous_0)","decl":{"start":{"line":8,"column":16},"end":{"line":8,"column":17}},"loc":{"start":{"line":8,"column":27},"end":{"line":16,"column":1}},"line":8}},"branchMap":{},"s":{"0":1,"1":5},"f":{"0":5},"b":{},"_coverageSchema":"1a1c01bbd47fc00a2c39e90264f33305004495a9","hash":"b66f5f0ec967863cbd5d8fc570a66fd02c63c94b"}
,"C:\\Users\\HP\\Desktop\\react-native-projects\\NativeGrabit\\src\\components\\molecules\\infoBox\\InfoBoxStyle.js": {"path":"C:\\Users\\HP\\Desktop\\react-native-projects\\NativeGrabit\\src\\components\\molecules\\infoBox\\InfoBoxStyle.js","statementMap":{"0":{"start":{"line":3,"column":15},"end":{"line":10,"column":2}}},"fnMap":{},"branchMap":{},"s":{"0":1},"f":{},"b":{},"_coverageSchema":"1a1c01bbd47fc00a2c39e90264f33305004495a9","hash":"e60c13b79cd893ef6c0f50893fc7e717f1fe9d62"}
,"C:\\Users\\HP\\Desktop\\react-native-projects\\NativeGrabit\\src\\components\\molecules\\sign_backscene\\BackScene.js": {"path":"C:\\Users\\HP\\Desktop\\react-native-projects\\NativeGrabit\\src\\components\\molecules\\sign_backscene\\BackScene.js","statementMap":{"0":{"start":{"line":8,"column":18},"end":{"line":30,"column":1}},"1":{"start":{"line":9,"column":32},"end":{"line":25,"column":4}},"2":{"start":{"line":27,"column":2},"end":{"line":29,"column":5}},"3":{"start":{"line":28,"column":4},"end":{"line":28,"column":74}}},"fnMap":{"0":{"name":"(anonymous_0)","decl":{"start":{"line":8,"column":18},"end":{"line":8,"column":19}},"loc":{"start":{"line":8,"column":24},"end":{"line":30,"column":1}},"line":8},"1":{"name":"(anonymous_1)","decl":{"start":{"line":27,"column":21},"end":{"line":27,"column":22}},"loc":{"start":{"line":27,"column":36},"end":{"line":29,"column":3}},"line":27}},"branchMap":{},"s":{"0":1,"1":2,"2":2,"3":4},"f":{"0":2,"1":4},"b":{},"_coverageSchema":"1a1c01bbd47fc00a2c39e90264f33305004495a9","hash":"8219bd2d0caf1ecc99e3c3ea2caff565f5e5bb76"}
,"C:\\Users\\HP\\Desktop\\react-native-projects\\NativeGrabit\\src\\components\\molecules\\sign_backscene\\CircleStyle.js": {"path":"C:\\Users\\HP\\Desktop\\react-native-projects\\NativeGrabit\\src\\components\\molecules\\sign_backscene\\CircleStyle.js","statementMap":{"0":{"start":{"line":3,"column":15},"end":{"line":9,"column":2}}},"fnMap":{},"branchMap":{},"s":{"0":1},"f":{},"b":{},"_coverageSchema":"1a1c01bbd47fc00a2c39e90264f33305004495a9","hash":"62b1f77fc53c5998e854dd3f6d9d79377d5691fa"}
,"C:\\Users\\HP\\Desktop\\react-native-projects\\NativeGrabit\\src\\components\\molecules\\sign_backscene\\LogoStyle.js": {"path":"C:\\Users\\HP\\Desktop\\react-native-projects\\NativeGrabit\\src\\components\\molecules\\sign_backscene\\LogoStyle.js","statementMap":{"0":{"start":{"line":3,"column":15},"end":{"line":11,"column":2}}},"fnMap":{},"branchMap":{},"s":{"0":1},"f":{},"b":{},"_coverageSchema":"1a1c01bbd47fc00a2c39e90264f33305004495a9","hash":"b9fce994eaed92fbd32b9b4056d9b53b4652ab8a"}
,"C:\\Users\\HP\\Desktop\\react-native-projects\\NativeGrabit\\src\\components\\organisms\\infoOrganism\\InfoOrganism.js": {"path":"C:\\Users\\HP\\Desktop\\react-native-projects\\NativeGrabit\\src\\components\\organisms\\infoOrganism\\InfoOrganism.js","statementMap":{"0":{"start":{"line":6,"column":21},"end":{"line":43,"column":1}},"1":{"start":{"line":7,"column":28},"end":{"line":26,"column":4}},"2":{"start":{"line":28,"column":2},"end":{"line":42,"column":4}},"3":{"start":{"line":31,"column":8},"end":{"line":39,"column":10}}},"fnMap":{"0":{"name":"(anonymous_0)","decl":{"start":{"line":6,"column":21},"end":{"line":6,"column":22}},"loc":{"start":{"line":6,"column":27},"end":{"line":43,"column":1}},"line":6},"1":{"name":"(anonymous_1)","decl":{"start":{"line":30,"column":17},"end":{"line":30,"column":18}},"loc":{"start":{"line":30,"column":30},"end":{"line":40,"column":7}},"line":30}},"branchMap":{},"s":{"0":1,"1":2,"2":2,"3":4},"f":{"0":2,"1":4},"b":{},"_coverageSchema":"1a1c01bbd47fc00a2c39e90264f33305004495a9","hash":"95a2d11f258a22d6e6f3b1fe6f0df1f1f1d0082a"}
,"C:\\Users\\HP\\Desktop\\react-native-projects\\NativeGrabit\\src\\components\\organisms\\infoOrganism\\InfoOrganismStyle.js": {"path":"C:\\Users\\HP\\Desktop\\react-native-projects\\NativeGrabit\\src\\components\\organisms\\infoOrganism\\InfoOrganismStyle.js","statementMap":{"0":{"start":{"line":3,"column":15},"end":{"line":11,"column":2}}},"fnMap":{},"branchMap":{},"s":{"0":1},"f":{},"b":{},"_coverageSchema":"1a1c01bbd47fc00a2c39e90264f33305004495a9","hash":"3d887dcb19ad99cef221fb70ee5de6f15dd899b7"}
,"C:\\Users\\HP\\Desktop\\react-native-projects\\NativeGrabit\\src\\navigations\\StackNavigation.js": {"path":"C:\\Users\\HP\\Desktop\\react-native-projects\\NativeGrabit\\src\\navigations\\StackNavigation.js","statementMap":{"0":{"start":{"line":5,"column":23},"end":{"line":5,"column":45}}},"fnMap":{},"branchMap":{},"s":{"0":1},"f":{},"b":{},"_coverageSchema":"1a1c01bbd47fc00a2c39e90264f33305004495a9","hash":"5417c2df4541f590b750c126506d9e0d1107ada7"}
,"C:\\Users\\HP\\Desktop\\react-native-projects\\NativeGrabit\\src\\scenes\\home\\HomeScreen.js": {"path":"C:\\Users\\HP\\Desktop\\react-native-projects\\NativeGrabit\\src\\scenes\\home\\HomeScreen.js","statementMap":{"0":{"start":{"line":7,"column":19},"end":{"line":15,"column":1}},"1":{"start":{"line":8,"column":2},"end":{"line":14,"column":4}}},"fnMap":{"0":{"name":"(anonymous_0)","decl":{"start":{"line":7,"column":19},"end":{"line":7,"column":20}},"loc":{"start":{"line":7,"column":37},"end":{"line":15,"column":1}},"line":7}},"branchMap":{},"s":{"0":1,"1":4},"f":{"0":4},"b":{},"_coverageSchema":"1a1c01bbd47fc00a2c39e90264f33305004495a9","hash":"bfdf4b9d095c6a8ccc38f48ce0ce20eee6e184ec"}
,"C:\\Users\\HP\\Desktop\\react-native-projects\\NativeGrabit\\src\\scenes\\sign\\SignScreen.js": {"path":"C:\\Users\\HP\\Desktop\\react-native-projects\\NativeGrabit\\src\\scenes\\sign\\SignScreen.js","statementMap":{"0":{"start":{"line":7,"column":19},"end":{"line":15,"column":1}},"1":{"start":{"line":8,"column":2},"end":{"line":14,"column":4}},"2":{"start":{"line":17,"column":15},"end":{"line":29,"column":2}}},"fnMap":{"0":{"name":"(anonymous_0)","decl":{"start":{"line":7,"column":19},"end":{"line":7,"column":20}},"loc":{"start":{"line":7,"column":25},"end":{"line":15,"column":1}},"line":7}},"branchMap":{},"s":{"0":1,"1":1,"2":1},"f":{"0":1},"b":{},"_coverageSchema":"1a1c01bbd47fc00a2c39e90264f33305004495a9","hash":"7e1c035e85eb68230c5f0e5a14f4ce215d4af89d"}
,"C:\\Users\\HP\\Desktop\\react-native-projects\\NativeGrabit\\src\\styles\\Colors.js": {"path":"C:\\Users\\HP\\Desktop\\react-native-projects\\NativeGrabit\\src\\styles\\Colors.js","statementMap":{"0":{"start":{"line":1,"column":23},"end":{"line":1,"column":32}},"1":{"start":{"line":2,"column":25},"end":{"line":2,"column":34}},"2":{"start":{"line":3,"column":21},"end":{"line":3,"column":30}},"3":{"start":{"line":4,"column":21},"end":{"line":4,"column":30}},"4":{"start":{"line":8,"column":24},"end":{"line":8,"column":33}},"5":{"start":{"line":12,"column":22},"end":{"line":12,"column":24}}},"fnMap":{},"branchMap":{},"s":{"0":1,"1":1,"2":1,"3":1,"4":1,"5":1},"f":{},"b":{},"_coverageSchema":"1a1c01bbd47fc00a2c39e90264f33305004495a9","hash":"3ec53c3f4881c27e2c0e89daf258154b60448829"}
,"C:\\Users\\HP\\Desktop\\react-native-projects\\NativeGrabit\\src\\styles\\Index.js": {"path":"C:\\Users\\HP\\Desktop\\react-native-projects\\NativeGrabit\\src\\styles\\Index.js","statementMap":{},"fnMap":{},"branchMap":{},"s":{},"f":{},"b":{},"_coverageSchema":"1a1c01bbd47fc00a2c39e90264f33305004495a9","hash":"1a51e5aad28d86620cbb851af4d923dd33c37ca0"}
,"C:\\Users\\HP\\Desktop\\react-native-projects\\NativeGrabit\\src\\styles\\Typography.js": {"path":"C:\\Users\\HP\\Desktop\\react-native-projects\\NativeGrabit\\src\\styles\\Typography.js","statementMap":{"0":{"start":{"line":1,"column":33},"end":{"line":1,"column":47}},"1":{"start":{"line":2,"column":32},"end":{"line":2,"column":45}},"2":{"start":{"line":3,"column":35},"end":{"line":3,"column":51}},"3":{"start":{"line":7,"column":35},"end":{"line":7,"column":40}},"4":{"start":{"line":8,"column":32},"end":{"line":8,"column":37}},"5":{"start":{"line":12,"column":28},"end":{"line":12,"column":30}},"6":{"start":{"line":13,"column":28},"end":{"line":13,"column":30}},"7":{"start":{"line":14,"column":28},"end":{"line":14,"column":30}}},"fnMap":{},"branchMap":{},"s":{"0":1,"1":1,"2":1,"3":1,"4":1,"5":1,"6":1,"7":1},"f":{},"b":{},"_coverageSchema":"1a1c01bbd47fc00a2c39e90264f33305004495a9","hash":"e8ad6c58e748a24d53270168dec423b6dbf4078b"}
}
